[38;5;208mDEBUG_INFO[0m:__main__:debug_info:Executing: main
[94mINFO[0m:__main__:main:Reading presentation from: /Users/amit/work/utils/fu/test_cases/3-27-2025.pptx
[38;5;208mDEBUG_INFO[0m:__main__:debug_info:Executing: __init__
[38;5;208mDEBUG_INFO[0m:__main__:debug_info:Executing: load_presentation
[94mINFO[0m:__main__:load_presentation:Attempting to process file: /Users/amit/work/utils/fu/test_cases/3-27-2025.pptx
[94mINFO[0m:__main__:load_presentation:File exists: True
[94mINFO[0m:__main__:load_presentation:File size: 2278132 bytes
[94mINFO[0m:__main__:extract_metadata_from_slide:Extracting metadata for slide
[94mINFO[0m:__main__:extract_metadata_from_slide:layout: Title Slide
[94mINFO[0m:__main__:extract_metadata_from_slide:Extracting metadata for slide
[94mINFO[0m:__main__:extract_metadata_from_slide:layout: Title Only
[94mINFO[0m:__main__:extract_metadata_from_slide:Extracting metadata for slide
[94mINFO[0m:__main__:extract_metadata_from_slide:layout: Title Only
[94mINFO[0m:__main__:extract_metadata_from_slide:Extracting metadata for slide
[94mINFO[0m:__main__:extract_metadata_from_slide:layout: Section Header
[94mINFO[0m:__main__:extract_metadata_from_slide:Extracting metadata for slide
[94mINFO[0m:__main__:extract_metadata_from_slide:layout: Title Only
[94mINFO[0m:__main__:extract_metadata_from_slide:Extracting metadata for slide
[94mINFO[0m:__main__:extract_metadata_from_slide:layout: Title Only
[94mINFO[0m:__main__:extract_metadata_from_slide:Extracting metadata for slide
[94mINFO[0m:__main__:extract_metadata_from_slide:layout: Title Only
[94mINFO[0m:__main__:extract_metadata_from_slide:Extracting metadata for slide
[94mINFO[0m:__main__:extract_metadata_from_slide:layout: Title Only
[94mINFO[0m:__main__:extract_metadata_from_slide:Extracting metadata for slide
[94mINFO[0m:__main__:extract_metadata_from_slide:layout: Title Only
[94mINFO[0m:__main__:extract_metadata_from_slide:Extracting metadata for slide
[94mINFO[0m:__main__:extract_metadata_from_slide:layout: Title Only
[94mINFO[0m:__main__:extract_metadata_from_slide:Extracting metadata for slide
[94mINFO[0m:__main__:extract_metadata_from_slide:layout: Title Only
[94mINFO[0m:__main__:extract_metadata_from_slide:Extracting metadata for slide
[94mINFO[0m:__main__:extract_metadata_from_slide:layout: Title Only
[94mINFO[0m:__main__:extract_metadata_from_slide:Extracting metadata for slide
[94mINFO[0m:__main__:extract_metadata_from_slide:layout: Title Only
[94mINFO[0m:__main__:extract_metadata_from_slide:Extracting metadata for slide
[94mINFO[0m:__main__:extract_metadata_from_slide:layout: Title Only
[94mINFO[0m:__main__:extract_metadata_from_slide:Extracting metadata for slide
[94mINFO[0m:__main__:extract_metadata_from_slide:layout: Title Only
[94mINFO[0m:__main__:extract_metadata_from_slide:Extracting metadata for slide
[94mINFO[0m:__main__:extract_metadata_from_slide:layout: Title Only
[94mINFO[0m:__main__:extract_metadata_from_slide:Extracting metadata for slide
[94mINFO[0m:__main__:extract_metadata_from_slide:layout: Title Only
[94mINFO[0m:__main__:extract_metadata_from_slide:Extracting metadata for slide
[94mINFO[0m:__main__:extract_metadata_from_slide:layout: Title Only
[94mINFO[0m:__main__:extract_metadata_from_slide:Extracting metadata for slide
[94mINFO[0m:__main__:extract_metadata_from_slide:layout: Title Only
[94mINFO[0m:__main__:extract_metadata_from_slide:Extracting metadata for slide
[94mINFO[0m:__main__:extract_metadata_from_slide:layout: Title Only
[94mINFO[0m:__main__:extract_metadata_from_slide:Extracting metadata for slide
[94mINFO[0m:__main__:extract_metadata_from_slide:layout: Section Header
[94mINFO[0m:__main__:extract_metadata_from_slide:Extracting metadata for slide
[94mINFO[0m:__main__:extract_metadata_from_slide:layout: Title Only
[94mINFO[0m:__main__:extract_metadata_from_slide:Extracting metadata for slide
[94mINFO[0m:__main__:extract_metadata_from_slide:layout: Title Only
[94mINFO[0m:__main__:extract_metadata_from_slide:Extracting metadata for slide
[94mINFO[0m:__main__:extract_metadata_from_slide:layout: Title Only
[94mINFO[0m:__main__:extract_metadata_from_slide:Extracting metadata for slide
[94mINFO[0m:__main__:extract_metadata_from_slide:layout: Title Only
[94mINFO[0m:__main__:extract_metadata_from_slide:Extracting metadata for slide
[94mINFO[0m:__main__:extract_metadata_from_slide:layout: Title Only
[94mINFO[0m:__main__:extract_metadata_from_slide:Extracting metadata for slide
[94mINFO[0m:__main__:extract_metadata_from_slide:layout: Title Only
[94mINFO[0m:__main__:extract_metadata_from_slide:Extracting metadata for slide
[94mINFO[0m:__main__:extract_metadata_from_slide:layout: Section Header
[94mINFO[0m:__main__:extract_metadata_from_slide:Extracting metadata for slide
[94mINFO[0m:__main__:extract_metadata_from_slide:layout: Title Only
[94mINFO[0m:__main__:__init__:Total number of slides loaded: 29
[38;5;208mDEBUG_INFO[0m:__main__:debug_info:Loaded..
[38;5;208mDEBUG_INFO[0m:__main__:debug_info:Executing: _identify_slide_purpose
[94mINFO[0m:__main__:identify_purpose_oriented_slides:Found summary slide at index 1: Summary: Lab IT Status
[94mINFO[0m:__main__:identify_purpose_oriented_slides:Found summary slide at index 2: Summary:  Alec Research Status
[94mINFO[0m:__main__:identify_purpose_oriented_slides:Found section header slide at index 3: UMBC Collab
[94mINFO[0m:__main__:identify_purpose_oriented_slides:Found section header slide at index 20: ARLResearch Update
[94mINFO[0m:__main__:identify_purpose_oriented_slides:Found section header slide at index 27: EDA-schema
[38;5;208mDEBUG_INFO[0m:__main__:debug_info:Executing: show_presentation_metadata
[94mINFO[0m:__main__:show_presentation_metadata:
Presentation contains 29 slides
[94mINFO[0m:__main__:show_presentation_metadata:==================================================
[94mINFO[0m:__main__:show_presentation_metadata:Slide 1:
[94mINFO[0m:__main__:show_slide_metadata:Slide 1 Metadata:
[94mINFO[0m:__main__:show_slide_metadata:{
    "layout_name": "Title Slide",
    "title": "Alec Aversa",
    "shapes": {
        "PLACEHOLDER (14)": 3
    },
    "tables": {},
    "images": {},
    "total_shapes": 3,
    "total_tables": 0,
    "total_images": 0,
    "total_textboxes": 3,
    "is_summary_slide": "no",
    "is_section_summary_slide": "no"
}
[94mINFO[0m:__main__:show_slide_metadata:---------------------------------------------------------------------------
[94mINFO[0m:__main__:show_presentation_metadata:Slide 2:
[94mINFO[0m:__main__:show_slide_metadata:Slide 2 Metadata:
[94mINFO[0m:__main__:show_slide_metadata:{
    "layout_name": "Title Only",
    "title": "Summary: Lab IT Status",
    "shapes": {
        "PLACEHOLDER (14)": 2,
        "TABLE (19)": 1
    },
    "tables": {},
    "images": {},
    "total_shapes": 3,
    "total_tables": 1,
    "total_images": 0,
    "total_textboxes": 2,
    "is_summary_slide": "yes",
    "is_section_summary_slide": "no"
}
[94mINFO[0m:__main__:show_slide_metadata:Purpose-built slide detected. Showing tables:
[38;5;208mDEBUG_INFO[0m:__main__:debug_info:Executing: show_table
[94mINFO[0m:__main__:show_table:
Table data from slide (Unknown):
[94mINFO[0m:__main__:_display_tables:Table 1:
[94mINFO[0m:__main__:_display_tables:  +--------------------------------+---------------+------------------+--------------+
[94mINFO[0m:__main__:_display_tables:  |  Main                          |  Progress     |  Details         | Last-Updated |
[94mINFO[0m:__main__:_display_tables:  +--------------------------------+---------------+------------------+--------------+
[94mINFO[0m:__main__:_display_tables:  | Hardware                       |               |                  |              |
[94mINFO[0m:__main__:_display_tables:  +--------------------------------+---------------+------------------+--------------+
[94mINFO[0m:__main__:_display_tables:  | Sav02 Fan                      | LESS PROGRESS | Waiting on fan   |              |
[94mINFO[0m:__main__:_display_tables:  +--------------------------------+---------------+------------------+--------------+
[94mINFO[0m:__main__:_display_tables:  | Software                       |               |                  |              |
[94mINFO[0m:__main__:_display_tables:  +--------------------------------+---------------+------------------+--------------+
[94mINFO[0m:__main__:_display_tables:  | Drexel credentials for servers | LESS PROGRESS | Waiting on Chris |              |
[94mINFO[0m:__main__:_display_tables:  +--------------------------------+---------------+------------------+--------------+
[94mINFO[0m:__main__:_display_tables:
[94mINFO[0m:__main__:show_slide_metadata:---------------------------------------------------------------------------
[94mINFO[0m:__main__:show_presentation_metadata:Slide 3:
[94mINFO[0m:__main__:show_slide_metadata:Slide 3 Metadata:
[94mINFO[0m:__main__:show_slide_metadata:{
    "layout_name": "Title Only",
    "title": "Summary:  Alec Research Status",
    "shapes": {
        "PLACEHOLDER (14)": 3,
        "TABLE (19)": 1
    },
    "tables": {},
    "images": {},
    "total_shapes": 4,
    "total_tables": 1,
    "total_images": 0,
    "total_textboxes": 3,
    "is_summary_slide": "yes",
    "is_section_summary_slide": "no"
}
[94mINFO[0m:__main__:show_slide_metadata:Purpose-built slide detected. Showing tables:
[38;5;208mDEBUG_INFO[0m:__main__:debug_info:Executing: show_table
[94mINFO[0m:__main__:show_table:
Table data from slide (Unknown):
[94mINFO[0m:__main__:_display_tables:Table 1:
[94mINFO[0m:__main__:_display_tables:  +------------------------+---------------+------------------------------------------+---------------+--------------+
[94mINFO[0m:__main__:_display_tables:  |  Main                  |  Progress     |  Details                                 |  Target Paper | Last-Updated |
[94mINFO[0m:__main__:_display_tables:  +------------------------+---------------+------------------------------------------+---------------+--------------+
[94mINFO[0m:__main__:_display_tables:  | UMBC Collab            |               |                                          |               |              |
[94mINFO[0m:__main__:_display_tables:  +------------------------+---------------+------------------------------------------+---------------+--------------+
[94mINFO[0m:__main__:_display_tables:  | Priority-based Routing | DONE          | Submitted                                |               |              |
[94mINFO[0m:__main__:_display_tables:  +------------------------+---------------+------------------------------------------+---------------+--------------+
[94mINFO[0m:__main__:_display_tables:  | ARL                    |               |                                          |               |              |
[94mINFO[0m:__main__:_display_tables:  +------------------------+---------------+------------------------------------------+---------------+--------------+
[94mINFO[0m:__main__:_display_tables:  | Security Partitioning  | PROGRESS      | Coding simulation framework              |               |              |
[94mINFO[0m:__main__:_display_tables:  +------------------------+---------------+------------------------------------------+---------------+--------------+
[94mINFO[0m:__main__:_display_tables:  | ARL Test Chip          | LESS PROGRESS | Waiting on standard cells                |               |              |
[94mINFO[0m:__main__:_display_tables:  +------------------------+---------------+------------------------------------------+---------------+--------------+
[94mINFO[0m:__main__:_display_tables:  | Writing/Review         |               |                                          |               |              |
[94mINFO[0m:__main__:_display_tables:  +------------------------+---------------+------------------------------------------+---------------+--------------+
[94mINFO[0m:__main__:_display_tables:  | Book                   | LESS PROGRESS |                                          | Springer      |              |
[94mINFO[0m:__main__:_display_tables:  +------------------------+---------------+------------------------------------------+---------------+--------------+
[94mINFO[0m:__main__:_display_tables:  | Candidacy              | PROGRESS      | Outlining papers                         | Candidacy     |              |
[94mINFO[0m:__main__:_display_tables:  +------------------------+---------------+------------------------------------------+---------------+--------------+
[94mINFO[0m:__main__:_display_tables:  | EDA-schema             |               |                                          |               |              |
[94mINFO[0m:__main__:_display_tables:  +------------------------+---------------+------------------------------------------+---------------+--------------+
[94mINFO[0m:__main__:_display_tables:  | Schema v1: eda-datagen | LESS PROGRESS | Helping where I can                      |               |              |
[94mINFO[0m:__main__:_display_tables:  +------------------------+---------------+------------------------------------------+---------------+--------------+
[94mINFO[0m:__main__:_display_tables:  | Schema v2: image-gen   | NO PROGRESS   |                                          |               |              |
[94mINFO[0m:__main__:_display_tables:  +------------------------+---------------+------------------------------------------+---------------+--------------+
[94mINFO[0m:__main__:_display_tables:  | Schema v3: 3D-datagen  | NO PROGRESS   | Compile SKL Papers                       |               |              |
[94mINFO[0m:__main__:_display_tables:  +------------------------+---------------+------------------------------------------+---------------+--------------+
[94mINFO[0m:__main__:_display_tables:  | eda-learn              | PROGRESS      | OpenROAD GPL code and plotting variables |               |              |
[94mINFO[0m:__main__:_display_tables:  +------------------------+---------------+------------------------------------------+---------------+--------------+
[94mINFO[0m:__main__:_display_tables:
[94mINFO[0m:__main__:show_slide_metadata:---------------------------------------------------------------------------
[94mINFO[0m:__main__:show_presentation_metadata:Slide 4:
[94mINFO[0m:__main__:show_slide_metadata:Slide 4 Metadata:
[94mINFO[0m:__main__:show_slide_metadata:{
    "layout_name": "Section Header",
    "title": "UMBC Collab",
    "shapes": {
        "PLACEHOLDER (14)": 2
    },
    "tables": {},
    "images": {},
    "total_shapes": 2,
    "total_tables": 0,
    "total_images": 0,
    "total_textboxes": 2,
    "is_summary_slide": "no",
    "is_section_summary_slide": "yes"
}
[94mINFO[0m:__main__:show_slide_metadata:Purpose-built slide detected. Showing tables:
[38;5;208mDEBUG_INFO[0m:__main__:debug_info:Executing: show_table
[93mWARNING[0m:__main__:show_table:No tables found in the provided slide
[94mINFO[0m:__main__:show_slide_metadata:---------------------------------------------------------------------------
[94mINFO[0m:__main__:show_presentation_metadata:Slide 5:
[94mINFO[0m:__main__:show_slide_metadata:Slide 5 Metadata:
[94mINFO[0m:__main__:show_slide_metadata:{
    "layout_name": "Title Only",
    "title": "Untitled",
    "shapes": {
        "PICTURE (13)": 2,
        "AUTO_SHAPE (1)": 2,
        "LINE (9)": 2,
        "PLACEHOLDER (14)": 1
    },
    "tables": {},
    "images": {},
    "total_shapes": 7,
    "total_tables": 0,
    "total_images": 2,
    "total_textboxes": 3,
    "is_summary_slide": "no",
    "is_section_summary_slide": "no"
}
[94mINFO[0m:__main__:show_slide_metadata:---------------------------------------------------------------------------
[94mINFO[0m:__main__:show_presentation_metadata:Slide 6:
[94mINFO[0m:__main__:show_slide_metadata:Slide 6 Metadata:
[94mINFO[0m:__main__:show_slide_metadata:{
    "layout_name": "Title Only",
    "title": "Untitled",
    "shapes": {
        "PICTURE (13)": 2,
        "AUTO_SHAPE (1)": 1,
        "LINE (9)": 1,
        "PLACEHOLDER (14)": 1
    },
    "tables": {},
    "images": {},
    "total_shapes": 5,
    "total_tables": 0,
    "total_images": 2,
    "total_textboxes": 2,
    "is_summary_slide": "no",
    "is_section_summary_slide": "no"
}
[94mINFO[0m:__main__:show_slide_metadata:---------------------------------------------------------------------------
[94mINFO[0m:__main__:show_presentation_metadata:Slide 7:
[94mINFO[0m:__main__:show_slide_metadata:Slide 7 Metadata:
[94mINFO[0m:__main__:show_slide_metadata:{
    "layout_name": "Title Only",
    "title": "Untitled",
    "shapes": {
        "PICTURE (13)": 2,
        "AUTO_SHAPE (1)": 1,
        "LINE (9)": 1,
        "PLACEHOLDER (14)": 1
    },
    "tables": {},
    "images": {},
    "total_shapes": 5,
    "total_tables": 0,
    "total_images": 2,
    "total_textboxes": 2,
    "is_summary_slide": "no",
    "is_section_summary_slide": "no"
}
[94mINFO[0m:__main__:show_slide_metadata:---------------------------------------------------------------------------
[94mINFO[0m:__main__:show_presentation_metadata:Slide 8:
[94mINFO[0m:__main__:show_slide_metadata:Slide 8 Metadata:
[94mINFO[0m:__main__:show_slide_metadata:{
    "layout_name": "Title Only",
    "title": "Untitled",
    "shapes": {
        "PLACEHOLDER (14)": 1,
        "PICTURE (13)": 1,
        "AUTO_SHAPE (1)": 8
    },
    "tables": {},
    "images": {},
    "total_shapes": 10,
    "total_tables": 0,
    "total_images": 1,
    "total_textboxes": 9,
    "is_summary_slide": "no",
    "is_section_summary_slide": "no"
}
[94mINFO[0m:__main__:show_slide_metadata:---------------------------------------------------------------------------
[94mINFO[0m:__main__:show_presentation_metadata:Slide 9:
[94mINFO[0m:__main__:show_slide_metadata:Slide 9 Metadata:
[94mINFO[0m:__main__:show_slide_metadata:{
    "layout_name": "Title Only",
    "title": "Untitled",
    "shapes": {
        "PLACEHOLDER (14)": 1,
        "PICTURE (13)": 2,
        "AUTO_SHAPE (1)": 4,
        "LINE (9)": 1
    },
    "tables": {},
    "images": {},
    "total_shapes": 8,
    "total_tables": 0,
    "total_images": 2,
    "total_textboxes": 5,
    "is_summary_slide": "no",
    "is_section_summary_slide": "no"
}
[94mINFO[0m:__main__:show_slide_metadata:---------------------------------------------------------------------------
[94mINFO[0m:__main__:show_presentation_metadata:Slide 10:
[94mINFO[0m:__main__:show_slide_metadata:Slide 10 Metadata:
[94mINFO[0m:__main__:show_slide_metadata:{
    "layout_name": "Title Only",
    "title": "Untitled",
    "shapes": {
        "PLACEHOLDER (14)": 1,
        "PICTURE (13)": 2,
        "AUTO_SHAPE (1)": 2,
        "LINE (9)": 2
    },
    "tables": {},
    "images": {},
    "total_shapes": 7,
    "total_tables": 0,
    "total_images": 2,
    "total_textboxes": 3,
    "is_summary_slide": "no",
    "is_section_summary_slide": "no"
}
[94mINFO[0m:__main__:show_slide_metadata:---------------------------------------------------------------------------
[94mINFO[0m:__main__:show_presentation_metadata:Slide 11:
[94mINFO[0m:__main__:show_slide_metadata:Slide 11 Metadata:
[94mINFO[0m:__main__:show_slide_metadata:{
    "layout_name": "Title Only",
    "title": "Untitled",
    "shapes": {
        "PLACEHOLDER (14)": 1,
        "PICTURE (13)": 2,
        "AUTO_SHAPE (1)": 1,
        "LINE (9)": 1
    },
    "tables": {},
    "images": {},
    "total_shapes": 5,
    "total_tables": 0,
    "total_images": 2,
    "total_textboxes": 2,
    "is_summary_slide": "no",
    "is_section_summary_slide": "no"
}
[94mINFO[0m:__main__:show_slide_metadata:---------------------------------------------------------------------------
[94mINFO[0m:__main__:show_presentation_metadata:Slide 12:
[94mINFO[0m:__main__:show_slide_metadata:Slide 12 Metadata:
[94mINFO[0m:__main__:show_slide_metadata:{
    "layout_name": "Title Only",
    "title": "Untitled",
    "shapes": {
        "PLACEHOLDER (14)": 1,
        "PICTURE (13)": 2,
        "AUTO_SHAPE (1)": 1,
        "LINE (9)": 1
    },
    "tables": {},
    "images": {},
    "total_shapes": 5,
    "total_tables": 0,
    "total_images": 2,
    "total_textboxes": 2,
    "is_summary_slide": "no",
    "is_section_summary_slide": "no"
}
[94mINFO[0m:__main__:show_slide_metadata:---------------------------------------------------------------------------
[94mINFO[0m:__main__:show_presentation_metadata:Slide 13:
[94mINFO[0m:__main__:show_slide_metadata:Slide 13 Metadata:
[94mINFO[0m:__main__:show_slide_metadata:{
    "layout_name": "Title Only",
    "title": "WA",
    "shapes": {
        "PLACEHOLDER (14)": 2,
        "PICTURE (13)": 1
    },
    "tables": {},
    "images": {},
    "total_shapes": 3,
    "total_tables": 0,
    "total_images": 1,
    "total_textboxes": 1,
    "is_summary_slide": "no",
    "is_section_summary_slide": "no"
}
[94mINFO[0m:__main__:show_slide_metadata:---------------------------------------------------------------------------
[94mINFO[0m:__main__:show_presentation_metadata:Slide 14:
[94mINFO[0m:__main__:show_slide_metadata:Slide 14 Metadata:
[94mINFO[0m:__main__:show_slide_metadata:{
    "layout_name": "Title Only",
    "title": "HPWL",
    "shapes": {
        "PLACEHOLDER (14)": 2
    },
    "tables": {},
    "images": {},
    "total_shapes": 2,
    "total_tables": 0,
    "total_images": 0,
    "total_textboxes": 1,
    "is_summary_slide": "no",
    "is_section_summary_slide": "no"
}
[94mINFO[0m:__main__:show_slide_metadata:---------------------------------------------------------------------------
[94mINFO[0m:__main__:show_presentation_metadata:Slide 15:
[94mINFO[0m:__main__:show_slide_metadata:Slide 15 Metadata:
[94mINFO[0m:__main__:show_slide_metadata:{
    "layout_name": "Title Only",
    "title": "Grad (Single Cell)",
    "shapes": {
        "PLACEHOLDER (14)": 2
    },
    "tables": {},
    "images": {},
    "total_shapes": 2,
    "total_tables": 0,
    "total_images": 0,
    "total_textboxes": 1,
    "is_summary_slide": "no",
    "is_section_summary_slide": "no"
}
[94mINFO[0m:__main__:show_slide_metadata:---------------------------------------------------------------------------
[94mINFO[0m:__main__:show_presentation_metadata:Slide 16:
[94mINFO[0m:__main__:show_slide_metadata:Slide 16 Metadata:
[94mINFO[0m:__main__:show_slide_metadata:{
    "layout_name": "Title Only",
    "title": "Grad (Total)",
    "shapes": {
        "PLACEHOLDER (14)": 2
    },
    "tables": {},
    "images": {},
    "total_shapes": 2,
    "total_tables": 0,
    "total_images": 0,
    "total_textboxes": 1,
    "is_summary_slide": "no",
    "is_section_summary_slide": "no"
}
[94mINFO[0m:__main__:show_slide_metadata:---------------------------------------------------------------------------
[94mINFO[0m:__main__:show_presentation_metadata:Slide 17:
[94mINFO[0m:__main__:show_slide_metadata:Slide 17 Metadata:
[94mINFO[0m:__main__:show_slide_metadata:{
    "layout_name": "Title Only",
    "title": "Lambda (Density Penalty)",
    "shapes": {
        "PLACEHOLDER (14)": 2
    },
    "tables": {},
    "images": {},
    "total_shapes": 2,
    "total_tables": 0,
    "total_images": 0,
    "total_textboxes": 1,
    "is_summary_slide": "no",
    "is_section_summary_slide": "no"
}
[94mINFO[0m:__main__:show_slide_metadata:---------------------------------------------------------------------------
[94mINFO[0m:__main__:show_presentation_metadata:Slide 18:
[94mINFO[0m:__main__:show_slide_metadata:Slide 18 Metadata:
[94mINFO[0m:__main__:show_slide_metadata:{
    "layout_name": "Title Only",
    "title": "sumPhi (Density Constraint)",
    "shapes": {
        "PLACEHOLDER (14)": 2,
        "PICTURE (13)": 1
    },
    "tables": {},
    "images": {},
    "total_shapes": 3,
    "total_tables": 0,
    "total_images": 1,
    "total_textboxes": 1,
    "is_summary_slide": "no",
    "is_section_summary_slide": "no"
}
[94mINFO[0m:__main__:show_slide_metadata:---------------------------------------------------------------------------
[94mINFO[0m:__main__:show_presentation_metadata:Slide 19:
[94mINFO[0m:__main__:show_slide_metadata:Slide 19 Metadata:
[94mINFO[0m:__main__:show_slide_metadata:{
    "layout_name": "Title Only",
    "title": "Cost (Objective Function)",
    "shapes": {
        "PLACEHOLDER (14)": 2
    },
    "tables": {},
    "images": {},
    "total_shapes": 2,
    "total_tables": 0,
    "total_images": 0,
    "total_textboxes": 1,
    "is_summary_slide": "no",
    "is_section_summary_slide": "no"
}
[94mINFO[0m:__main__:show_slide_metadata:---------------------------------------------------------------------------
[94mINFO[0m:__main__:show_presentation_metadata:Slide 20:
[94mINFO[0m:__main__:show_slide_metadata:Slide 20 Metadata:
[94mINFO[0m:__main__:show_slide_metadata:{
    "layout_name": "Title Only",
    "title": "Cost (Objective Function)",
    "shapes": {
        "PLACEHOLDER (14)": 2,
        "PICTURE (13)": 3,
        "TEXT_BOX (17)": 3
    },
    "tables": {},
    "images": {},
    "total_shapes": 8,
    "total_tables": 0,
    "total_images": 3,
    "total_textboxes": 4,
    "is_summary_slide": "no",
    "is_section_summary_slide": "no"
}
[94mINFO[0m:__main__:show_slide_metadata:---------------------------------------------------------------------------
[94mINFO[0m:__main__:show_presentation_metadata:Slide 21:
[94mINFO[0m:__main__:show_slide_metadata:Slide 21 Metadata:
[94mINFO[0m:__main__:show_slide_metadata:{
    "layout_name": "Section Header",
    "title": "ARL\u000bResearch Update",
    "shapes": {
        "PLACEHOLDER (14)": 3
    },
    "tables": {},
    "images": {},
    "total_shapes": 3,
    "total_tables": 0,
    "total_images": 0,
    "total_textboxes": 3,
    "is_summary_slide": "no",
    "is_section_summary_slide": "yes"
}
[94mINFO[0m:__main__:show_slide_metadata:Purpose-built slide detected. Showing tables:
[38;5;208mDEBUG_INFO[0m:__main__:debug_info:Executing: show_table
[93mWARNING[0m:__main__:show_table:No tables found in the provided slide
[94mINFO[0m:__main__:show_slide_metadata:---------------------------------------------------------------------------
[94mINFO[0m:__main__:show_presentation_metadata:Slide 22:
[94mINFO[0m:__main__:show_slide_metadata:Slide 22 Metadata:
[94mINFO[0m:__main__:show_slide_metadata:{
    "layout_name": "Title Only",
    "title": "Research Objectives",
    "shapes": {
        "PLACEHOLDER (14)": 2
    },
    "tables": {},
    "images": {},
    "total_shapes": 2,
    "total_tables": 0,
    "total_images": 0,
    "total_textboxes": 2,
    "is_summary_slide": "no",
    "is_section_summary_slide": "no"
}
[94mINFO[0m:__main__:show_slide_metadata:---------------------------------------------------------------------------
[94mINFO[0m:__main__:show_presentation_metadata:Slide 23:
[94mINFO[0m:__main__:show_slide_metadata:Slide 23 Metadata:
[94mINFO[0m:__main__:show_slide_metadata:{
    "layout_name": "Title Only",
    "title": "ePlace-3D",
    "shapes": {
        "PLACEHOLDER (14)": 1,
        "PICTURE (13)": 2
    },
    "tables": {},
    "images": {},
    "total_shapes": 3,
    "total_tables": 0,
    "total_images": 2,
    "total_textboxes": 1,
    "is_summary_slide": "no",
    "is_section_summary_slide": "no"
}
[94mINFO[0m:__main__:show_slide_metadata:---------------------------------------------------------------------------
[94mINFO[0m:__main__:show_presentation_metadata:Slide 24:
[94mINFO[0m:__main__:show_slide_metadata:Slide 24 Metadata:
[94mINFO[0m:__main__:show_slide_metadata:{
    "layout_name": "Title Only",
    "title": "Logical Synth & Testbench Gen.",
    "shapes": {
        "PLACEHOLDER (14)": 1,
        "PICTURE (13)": 1
    },
    "tables": {},
    "images": {},
    "total_shapes": 2,
    "total_tables": 0,
    "total_images": 1,
    "total_textboxes": 1,
    "is_summary_slide": "no",
    "is_section_summary_slide": "no"
}
[94mINFO[0m:__main__:show_slide_metadata:---------------------------------------------------------------------------
[94mINFO[0m:__main__:show_presentation_metadata:Slide 25:
[94mINFO[0m:__main__:show_slide_metadata:Slide 25 Metadata:
[94mINFO[0m:__main__:show_slide_metadata:{
    "layout_name": "Title Only",
    "title": "Logical Synth & Testbench Gen.",
    "shapes": {
        "PLACEHOLDER (14)": 1,
        "PICTURE (13)": 1
    },
    "tables": {},
    "images": {},
    "total_shapes": 2,
    "total_tables": 0,
    "total_images": 1,
    "total_textboxes": 1,
    "is_summary_slide": "no",
    "is_section_summary_slide": "no"
}
[94mINFO[0m:__main__:show_slide_metadata:---------------------------------------------------------------------------
[94mINFO[0m:__main__:show_presentation_metadata:Slide 26:
[94mINFO[0m:__main__:show_slide_metadata:Slide 26 Metadata:
[94mINFO[0m:__main__:show_slide_metadata:{
    "layout_name": "Title Only",
    "title": "Untitled",
    "shapes": {
        "PLACEHOLDER (14)": 1,
        "PICTURE (13)": 2
    },
    "tables": {},
    "images": {},
    "total_shapes": 3,
    "total_tables": 0,
    "total_images": 2,
    "total_textboxes": 1,
    "is_summary_slide": "no",
    "is_section_summary_slide": "no"
}
[94mINFO[0m:__main__:show_slide_metadata:---------------------------------------------------------------------------
[94mINFO[0m:__main__:show_presentation_metadata:Slide 27:
[94mINFO[0m:__main__:show_slide_metadata:Slide 27 Metadata:
[94mINFO[0m:__main__:show_slide_metadata:{
    "layout_name": "Title Only",
    "title": "Simulation",
    "shapes": {
        "PLACEHOLDER (14)": 1,
        "PICTURE (13)": 2
    },
    "tables": {},
    "images": {},
    "total_shapes": 3,
    "total_tables": 0,
    "total_images": 2,
    "total_textboxes": 1,
    "is_summary_slide": "no",
    "is_section_summary_slide": "no"
}
[94mINFO[0m:__main__:show_slide_metadata:---------------------------------------------------------------------------
[94mINFO[0m:__main__:show_presentation_metadata:Slide 28:
[94mINFO[0m:__main__:show_slide_metadata:Slide 28 Metadata:
[94mINFO[0m:__main__:show_slide_metadata:{
    "layout_name": "Section Header",
    "title": "EDA-schema",
    "shapes": {
        "PLACEHOLDER (14)": 2
    },
    "tables": {},
    "images": {},
    "total_shapes": 2,
    "total_tables": 0,
    "total_images": 0,
    "total_textboxes": 2,
    "is_summary_slide": "no",
    "is_section_summary_slide": "yes"
}
[94mINFO[0m:__main__:show_slide_metadata:Purpose-built slide detected. Showing tables:
[38;5;208mDEBUG_INFO[0m:__main__:debug_info:Executing: show_table
[93mWARNING[0m:__main__:show_table:No tables found in the provided slide
[94mINFO[0m:__main__:show_slide_metadata:---------------------------------------------------------------------------
[94mINFO[0m:__main__:show_presentation_metadata:Slide 29:
[94mINFO[0m:__main__:show_slide_metadata:Slide 29 Metadata:
[94mINFO[0m:__main__:show_slide_metadata:{
    "layout_name": "Title Only",
    "title": "Schema v1: eda-datagen",
    "shapes": {
        "PLACEHOLDER (14)": 4
    },
    "tables": {},
    "images": {},
    "total_shapes": 4,
    "total_tables": 0,
    "total_images": 0,
    "total_textboxes": 4,
    "is_summary_slide": "no",
    "is_section_summary_slide": "no"
}
[94mINFO[0m:__main__:show_slide_metadata:---------------------------------------------------------------------------
[38;5;208mDEBUG_INFO[0m:__main__:debug_info:Executing: set_presentation_title_slide for slide 1
[38;5;208mDEBUG_INFO[0m:__main__:debug_info:Executing: save_presentation
[94mINFO[0m:__main__:save_presentation:Writing presentation to: /Users/amit/work/utils/fu/test_cases/3-27-2025_update.pptx
[94mINFO[0m:__main__:save_presentation:Successfully saved presentation to: /Users/amit/work/utils/fu/test_cases/3-27-2025_update.pptx
[94mINFO[0m:__main__:main:PPTX file updated successfully from /Users/amit/work/utils/fu/test_cases/3-27-2025.pptx to /Users/amit/work/utils/fu/test_cases/3-27-2025_update.pptx
